<?xml version="1.0" encoding="UTF-8"?>
<!-- Generated by org.testng.reporters.JUnitXMLReporter -->
<testsuite hostname="Lakshmi" name="Browserstest" tests="1" failures="0" timestamp="6 Jul 2015 15:18:46 GMT" time="0.09" errors="0">
  <testcase name="@BeforeMethod beforeMethod" time="0.0" classname="leaplogin.Browserstest">
    <failure type="org.testng.TestNGException" message="
Parameter &amp;apos;browserName&amp;apos; is required by @Configuration on method beforeMethod but has not been marked @Optional or defined
in C:\Users\lakshmi\workspace\Leap\src\test\resources\brconfig.xml">
      <![CDATA[org.testng.TestNGException: 
Parameter 'browserName' is required by @Configuration on method beforeMethod but has not been marked @Optional or defined
in C:\Users\lakshmi\workspace\Leap\src\test\resources\brconfig.xml
	at java.util.concurrent.FutureTask.run(Unknown Source)
	at java.util.concurrent.ThreadPoolExecutor.runWorker(Unknown Source)
	at java.util.concurrent.ThreadPoolExecutor$Worker.run(Unknown Source)
	at java.lang.Thread.run(Unknown Source)
... Removed 15 stack frames]]>
    </failure>
  </testcase> <!-- @BeforeMethod beforeMethod -->
  <testcase name="@AfterTest afterTest" time="0.0" classname="leaplogin.Browserstest">
    <skipped/>
  </testcase> <!-- @AfterTest afterTest -->
  <testcase name="testLeaplogin" time="0.033" classname="leaplogin.Browserstest">
    <skipped/>
  </testcase> <!-- testLeaplogin -->
</testsuite> <!-- Browserstest -->
