<?xml version="1.0" encoding="UTF-8"?>
<!-- Generated by org.testng.reporters.JUnitXMLReporter -->
<testsuite hostname="Lakshmi" name="Vmfx" tests="3" failures="0" timestamp="12 Jul 2015 23:14:34 GMT" time="20.484" errors="0">
  <testcase name="testLeaplogin" time="0.828" classname="leaplogin.BrowsersTestMain"/>
  <testcase name="testLeaplogin" time="0.918" classname="leaplogin.BrowsersTestMain"/>
  <testcase name="testLeaplogin" time="0.772" classname="leaplogin.BrowsersTestMain"/>
</testsuite> <!-- Vmfx -->
