<?xml version="1.0" encoding="UTF-8"?>
<!-- Generated by org.testng.reporters.JUnitXMLReporter -->
<testsuite hostname="Lakshmi" name="Wie" tests="3" failures="0" timestamp="12 Jul 2015 18:44:28 GMT" time="113.476" errors="0">
  <testcase name="@BeforeTest beforeTest" time="0.0" classname="leaplogin.BrowsersTestMain">
    <failure type="java.lang.AssertionError" message="timeout">
      <![CDATA[java.lang.AssertionError: timeout
	at leaplogin.BrowsersTestMain.beforeTest(BrowsersTestMain.java:37)
	at java.util.concurrent.FutureTask.run(Unknown Source)
	at java.util.concurrent.ThreadPoolExecutor.runWorker(Unknown Source)
	at java.util.concurrent.ThreadPoolExecutor$Worker.run(Unknown Source)
	at java.lang.Thread.run(Unknown Source)
... Removed 15 stack frames]]>
    </failure>
  </testcase> <!-- @BeforeTest beforeTest -->
  <testcase name="@AfterTest afterTest" time="0.0" classname="leaplogin.BrowsersTestMain">
    <skipped/>
  </testcase> <!-- @AfterTest afterTest -->
  <testcase name="testLeaplogin" time="0.002" classname="leaplogin.BrowsersTestMain">
    <skipped/>
  </testcase> <!-- testLeaplogin -->
  <testcase name="testLeaplogin" time="0.002" classname="leaplogin.BrowsersTestMain">
    <skipped/>
  </testcase> <!-- testLeaplogin -->
  <testcase name="testLeaplogin" time="0.002" classname="leaplogin.BrowsersTestMain">
    <skipped/>
  </testcase> <!-- testLeaplogin -->
</testsuite> <!-- Wie -->
