<?xml version="1.0" encoding="UTF-8"?>
<!-- Generated by org.testng.reporters.JUnitXMLReporter -->
<testsuite hostname="Lakshmi" name="Windows+ie" tests="1" failures="0" timestamp="6 Jul 2015 22:42:48 GMT" time="0.089" errors="0">
  <testcase name="@BeforeMethod beforeMethod" time="0.0" classname="leaplogin.Browserstest">
    <failure type="java.lang.NullPointerException">
      <![CDATA[java.lang.NullPointerException
	at leaplogin.Browserstest.beforeMethod(Browserstest.java:40)
	at java.util.concurrent.FutureTask.run(Unknown Source)
	at java.util.concurrent.ThreadPoolExecutor.runWorker(Unknown Source)
	at java.util.concurrent.ThreadPoolExecutor$Worker.run(Unknown Source)
	at java.lang.Thread.run(Unknown Source)
... Removed 18 stack frames]]>
    </failure>
  </testcase> <!-- @BeforeMethod beforeMethod -->
  <testcase name="@AfterMethod afterMethod" time="0.0" classname="leaplogin.Browserstest">
    <skipped/>
  </testcase> <!-- @AfterMethod afterMethod -->
  <testcase name="testLeaplogin" time="0.001" classname="leaplogin.Browserstest">
    <skipped/>
  </testcase> <!-- testLeaplogin -->
</testsuite> <!-- Windows+ie -->
